D:\Program Files (x86)\Microsoft Visual Studio\2017\Enterprise\Common7\IDE\VC\VCTargets\Microsoft.CppBuild.targets(376,5): warning MSB8004: Intermediate 目录未以斜杠结尾。  此生成实例将添加斜杠，因为必须有这个斜杠才能正确计算 Intermediate 目录。
D:\Program Files (x86)\Microsoft Visual Studio\2017\Enterprise\Common7\IDE\VC\VCTargets\Microsoft.CppBuild.targets(377,5): warning MSB8004: Output 目录未以斜杠结尾。  此生成实例将添加斜杠，因为必须有这个斜杠才能正确计算 Output 目录。
  stdafx.cpp
  color.cpp
  common.cpp
  dllmain.cpp
  gameobject.cpp
  geometrytransform.cpp
  LibFbxSdkConsole.cpp
  material.cpp
  mesh.cpp
  polygon.cpp
  render.cpp
  texture.cpp
  transform.cpp
  vector2.cpp
  vector3.cpp
  vector4.cpp
    正在创建库 E:\Third Party\fbxnet\LibFbx\build\x86\fbxsdkbridge.lib 和对象 E:\Third Party\fbxnet\LibFbx\build\x86\fbxsdkbridge.exp
  正在生成代码
  All 228 functions were compiled because no usable IPDB/IOBJ from previous compilation was found.
  已完成代码的生成
  LibFbxSdkConsole.vcxproj -> E:\Third Party\fbxnet\LibFbx\build\x86\fbxsdkbridge.dll
  已复制         1 个文件。
